<?xml version="1.0" encoding="UTF-8"?>
<!-- Generated by org.testng.reporters.JUnitReportReporter -->
<testsuite hostname="DESKTOP-N054NMB" failures="0" tests="1" name="Day4_ParsingJSonResponse.ParsingJsonResponse" time="1.721" errors="0" timestamp="2024-02-10T00:18:40 IST" skipped="0">
  <testcase classname="Day4_ParsingJSonResponse.ParsingJsonResponse" name="parsingResponseWithSimpleApproach2" time="1.721"/>
  <system-out/>
</testsuite> <!-- Day4_ParsingJSonResponse.ParsingJsonResponse -->
