<?xml version="1.0" encoding="UTF-8"?>
<!-- Generated by org.testng.reporters.JUnitReportReporter -->
<testsuite hostname="DESKTOP-N054NMB" failures="0" tests="2" name="Day2.WaysToCreatePostRequestBody" time="3.046" errors="0" timestamp="2024-02-07T00:50:04 IST" skipped="0">
  <testcase classname="Day2.WaysToCreatePostRequestBody" name="postRequestBodyUsingExternalFile" time="2.974"/>
  <system-out/>
  <testcase classname="Day2.WaysToCreatePostRequestBody" name="deletePostRequestBodyCreatedByHashMap" time="0.072"/>
  <system-out/>
</testsuite> <!-- Day2.WaysToCreatePostRequestBody -->
