<?xml version="1.0" encoding="UTF-8"?>
<!-- Generated by org.testng.reporters.JUnitReportReporter -->
<testsuite hostname="DESKTOP-N054NMB" failures="0" tests="1" name="Day3.PathAndOueryParameters" time="2.146" errors="0" timestamp="2024-02-09T16:23:37 IST" skipped="0">
  <testcase classname="Day3.PathAndOueryParameters" name="queyAndPathParameter" time="2.146"/>
  <system-out/>
</testsuite> <!-- Day3.PathAndOueryParameters -->
