<?xml version="1.0" encoding="UTF-8"?>
<!-- Generated by org.testng.reporters.JUnitReportReporter -->
<testsuite hostname="DESKTOP-N054NMB" failures="0" tests="4" name="Day1RestAPI.HttpRequest" time="8.408" errors="0" timestamp="2024-02-06T22:46:03 IST" skipped="0">
  <testcase classname="Day1RestAPI.HttpRequest" name="getListUsers" time="5.861"/>
  <system-out/>
  <testcase classname="Day1RestAPI.HttpRequest" name="createUser" time="1.456"/>
  <system-out/>
  <testcase classname="Day1RestAPI.HttpRequest" name="updateUser" time="0.583"/>
  <system-out/>
  <testcase classname="Day1RestAPI.HttpRequest" name="deleteUser" time="0.508"/>
  <system-out/>
</testsuite> <!-- Day1RestAPI.HttpRequest -->
