<?xml version="1.0" encoding="UTF-8"?>
<!-- Generated by org.testng.reporters.JUnitReportReporter -->
<testsuite hostname="DESKTOP-N054NMB" failures="0" tests="1" name="Day5_ParsingXMLResponseAndFileUploadAndDownload.ParseXmlResponse" time="3.171" errors="0" timestamp="2024-02-10T14:17:08 IST" skipped="0">
  <testcase classname="Day5_ParsingXMLResponseAndFileUploadAndDownload.ParseXmlResponse" name="parseXMLResponse2" time="3.171"/>
  <system-out/>
</testsuite> <!-- Day5_ParsingXMLResponseAndFileUploadAndDownload.ParseXmlResponse -->
