<?xml version="1.0" encoding="UTF-8"?>
<!-- Generated by org.testng.reporters.JUnitReportReporter -->
<testsuite hostname="DESKTOP-N054NMB" failures="0" tests="1" name="Day3.LogginDemoPrintSpeceficResponse" time="4.743" errors="0" timestamp="2024-02-09T22:46:25 IST" skipped="0">
  <testcase classname="Day3.LogginDemoPrintSpeceficResponse" name="printSpeceficResponse" time="4.743"/>
  <system-out/>
</testsuite> <!-- Day3.LogginDemoPrintSpeceficResponse -->
