<?xml version="1.0" encoding="UTF-8"?>
<!-- Generated by org.testng.reporters.JUnitReportReporter -->
<testsuite hostname="DESKTOP-N054NMB" failures="0" tests="2" name="Day3.TestCookiesDemoClass" time="2.868" errors="0" timestamp="2024-02-09T18:16:02 IST" skipped="0">
  <testcase classname="Day3.TestCookiesDemoClass" name="testCookies" time="2.529"/>
  <system-out/>
  <testcase classname="Day3.TestCookiesDemoClass" name="getCookiesInfo" time="0.339"/>
  <system-out/>
</testsuite> <!-- Day3.TestCookiesDemoClass -->
