<?xml version="1.0" encoding="UTF-8"?>
<!-- Generated by org.testng.reporters.JUnitReportReporter -->
<testsuite hostname="DESKTOP-N054NMB" failures="0" tests="2" name="Day5_ParsingXMLResponseAndFileUploadAndDownload.FileUploadAndDownloadWithRest" time="3.189" errors="0" timestamp="2024-02-10T16:42:13 IST" skipped="0">
  <testcase classname="Day5_ParsingXMLResponseAndFileUploadAndDownload.FileUploadAndDownloadWithRest" name="fileUpload" time="3.122"/>
  <system-out/>
  <testcase classname="Day5_ParsingXMLResponseAndFileUploadAndDownload.FileUploadAndDownloadWithRest" name="downloadFile" time="0.067"/>
  <system-out/>
</testsuite> <!-- Day5_ParsingXMLResponseAndFileUploadAndDownload.FileUploadAndDownloadWithRest -->
