<?xml version="1.0" encoding="UTF-8"?>
<!-- Generated by org.testng.reporters.JUnitReportReporter -->
<testsuite hostname="DESKTOP-N054NMB" failures="0" tests="1" name="Day3.HeaderValidation" time="2.551" errors="0" timestamp="2024-02-09T22:34:05 IST" skipped="0">
  <testcase classname="Day3.HeaderValidation" name="getAndPrintHeader" time="2.551"/>
  <system-out/>
</testsuite> <!-- Day3.HeaderValidation -->
