<?xml version="1.0" encoding="UTF-8"?>
<!-- Generated by org.testng.reporters.JUnitReportReporter -->
<testsuite hostname="DESKTOP-N054NMB" failures="0" tests="1" name="Day6_JSon_And_XML_Schema_Validation.SerializationAndDeserialization" time="0.376" errors="0" timestamp="2024-02-10T22:21:16 IST" skipped="0">
  <testcase classname="Day6_JSon_And_XML_Schema_Validation.SerializationAndDeserialization" name="convertJson2POJO" time="0.376"/>
  <system-out/>
</testsuite> <!-- Day6_JSon_And_XML_Schema_Validation.SerializationAndDeserialization -->
