<?xml version="1.0" encoding="UTF-8"?>
<!-- Generated by org.testng.reporters.JUnitReportReporter -->
<testsuite hostname="DESKTOP-N054NMB" failures="0" tests="1" name="Day6_JSon_And_XML_Schema_Validation.Json_Schema_Validation" time="2.921" errors="0" timestamp="2024-02-10T17:37:21 IST" skipped="0">
  <testcase classname="Day6_JSon_And_XML_Schema_Validation.Json_Schema_Validation" name="validateJsonSchema" time="2.921"/>
  <system-out/>
</testsuite> <!-- Day6_JSon_And_XML_Schema_Validation.Json_Schema_Validation -->
